[2026-05-17 23:53:05] Background sender daemon started for Student.
[2026-05-17 23:53:13] Background sender daemon started for Student.
[2026-05-17 23:53:27] Background sender daemon started for Student.
[2026-05-17 23:56:08] Background sender daemon started for Student.
[2026-05-18 11:37:59] Background sender daemon started for Student.
[2026-05-18 11:38:12] Background sender daemon started for Student.
[2026-05-18 11:42:14] Background sender daemon started for Student.
[2026-05-18 11:42:38] Background sender daemon started for Student.
[2026-05-18 11:54:04] Background sender daemon started for Student.
[2026-05-18 11:54:46] Background sender daemon started for Student.
[2026-05-18 11:57:07] Background sender daemon started for Student.
[2026-05-18 11:57:11] SMTP session opened.
[2026-05-18 11:57:13] Sent printed to muhdmukhtar2019@gmail.com (1/10).
[2026-05-18 11:57:15] Sent printed to agadagrace567@gmail.com (2/10).
[2026-05-18 11:57:18] Sent printed to ahangbaaondongu@gmail.com (3/10).
[2026-05-18 11:57:20] Sent printed to samuelijeke@gmail.com (4/10).
[2026-05-18 11:57:22] Sent printed to igbuduterhembaalfred@gmail.com (5/10).
[2026-05-18 11:57:24] Sent printed to gaadijennifer79@gmail.com (6/10).
[2026-05-18 11:57:27] Sent printed to aanhembafan@gmail.com (7/10).
[2026-05-18 11:57:29] Sent printed to andrewakombubee@gmail.com (8/10).
[2026-05-18 11:57:32] Sent printed to tarerdoowuese@gmail.com (9/10).
[2026-05-18 11:57:34] Sent printed to damianasangashe@gmail.com (10/10).
[2026-05-18 11:57:35] SMTP session closed.
[2026-05-18 11:57:35] Batch summary: sent=10 failed=0 pending=90 remaining=90.
[2026-05-18 11:57:35] Cycle complete for student: sent=10 failed=0 pending=90 remaining=90 rate_limited=no batch_size=10 interval=120
[2026-05-18 11:59:46] Batch summary: sent=0 failed=0 pending=0 remaining=0.
[2026-05-18 11:59:46] Cycle complete for student: sent=0 failed=0 pending=0 remaining=0 rate_limited=no batch_size=10 interval=120
[2026-05-18 12:00:44] Background sender daemon started for Student.
[2026-05-18 12:00:48] SMTP session opened.
[2026-05-18 12:00:51] Sent printed to tangeaondolumun4@gmail.com (1/50).
[2026-05-18 12:00:55] Sent printed to shiebarnabas199@gmail.com (2/50).
[2026-05-18 12:00:58] Sent printed to bartholomewakaa@gmail.com (3/50).
[2026-05-18 12:01:01] Sent printed to tsegbabeto26@gmail.com (4/50).
[2026-05-18 12:01:03] Sent printed to joyanebiotakwu@gmail.com (5/50).
[2026-05-18 12:01:06] Sent printed to terhembanyam771@gmail.com (6/50).
[2026-05-18 12:01:08] Sent printed to chikwendulouischukwudi@gmail.com (7/50).
[2026-05-18 12:01:11] Sent printed to mimidoocomfort19@gmail.com (8/50).
[2026-05-18 12:01:13] Sent printed to kayodeonadeji@gmail.com (9/50).
[2026-05-18 12:01:16] Sent printed to sanniedward14@gmail.com (10/50).
[2026-05-18 12:01:18] Sent printed to gwazataver@gmail.com (11/50).
[2026-05-18 12:01:20] Sent printed to nduursunday2002@gmail.com (12/50).
[2026-05-18 12:01:23] Sent printed to ochabafavourene234@gmail.com (13/50).
[2026-05-18 12:01:25] Sent printed to fredericktordoo@gmail.com (14/50).
[2026-05-18 12:01:27] Sent printed to gloriagbanongun@gmail.com (15/50).
[2026-05-18 12:01:30] Sent printed to ohonyajohn@gmail.com (16/50).
[2026-05-18 12:01:32] Sent printed to katherinetyo473@gmail.com (17/50).
[2026-05-18 12:01:34] Sent printed to tyogyerglorykpadoo@gmail.com (18/50).
[2026-05-18 12:01:36] Sent printed to kulanenunenge@gmail.com (19/50).
[2026-05-18 12:01:39] Sent printed to oliiverlinda123@gmaul.com (20/50).
[2026-05-18 12:01:41] Sent printed to ahundulouis@gmail.com (21/50).
[2026-05-18 12:01:44] Sent printed to dooshima2007@gamil.com (22/50).
[2026-05-18 12:01:46] Sent printed to mercyeneekere@gmail.com (23/50).
[2026-05-18 12:01:48] Sent printed to osizimhetemicheal@gmail.com (24/50).
[2026-05-18 12:01:51] Sent printed to anlyiwamoses@gmail.come (25/50).
[2026-05-18 12:01:54] Sent printed to johnfelicitynguavese@gmail.com (26/50).
[2026-05-18 12:01:56] Sent printed to henryoche85@gmail.com (27/50).
[2026-05-18 12:01:58] Sent printed to stephenochr@gmail.com (28/50).
[2026-05-18 12:02:00] Sent printed to ozoemenagloria22@gmail.com (29/50).
[2026-05-18 12:02:02] Sent printed to amosojonugwa49@gmail.com (30/50).
[2026-05-18 12:02:04] Sent printed to michaelrachael6150@gmail.com (31/50).
[2026-05-18 12:02:07] Sent printed to godwinokoko777@gmail.com (32/50).
[2026-05-18 12:02:09] Sent printed to odohelizabeth3425@gmail.com (33/50).
[2026-05-18 12:02:11] Sent printed to oryiman0348@gmail.com (34/50).
[2026-05-18 12:02:14] Sent printed to isiakadorathyoyiza@gmail.com (35/50).
[2026-05-18 12:02:16] Sent printed to avalumunpaul2@gmail.com (36/50).
[2026-05-18 12:02:19] Sent printed to paulterungwajemom@gmail.com (37/50).
[2026-05-18 12:02:21] Sent printed to aondoverphilipaondoakula@gmail.com (38/50).
[2026-05-18 12:02:24] Sent printed to raphaelisho@gmail.com (39/50).
[2026-05-18 12:02:26] Sent printed to tebrimamruth@gmail.com (40/50).
[2026-05-18 12:02:29] Sent printed to mnenaruthteryila@gmail.com (41/50).
[2026-05-18 12:02:31] Sent printed to iorwuesesameulber@gmail.com (42/50).
[2026-05-18 12:02:34] Sent printed to ushahembaajoga@gmail.com (43/50).
[2026-05-18 12:02:36] Sent printed to ademajoshua658@gmail.com (44/50).
[2026-05-18 12:02:38] Sent printed to soniamngohol19@gmail.com (45/50).
[2026-05-18 12:02:40] Sent printed to okerekeblesssing039@gmail.com (46/50).
[2026-05-18 12:02:42] Sent printed to markterhemenanor2007@gmail.com (47/50).
[2026-05-18 12:02:44] Sent printed to jamesioryina52@gmail.com (48/50).
[2026-05-18 12:02:47] Sent printed to samuelterhide474@gmail.com (49/50).
[2026-05-18 12:02:49] Sent printed to terkumburahule@gmail.com (50/50).
[2026-05-18 12:02:50] SMTP session closed.
[2026-05-18 12:02:50] Batch summary: sent=50 failed=0 pending=0 remaining=0.
[2026-05-18 12:02:50] Cycle complete for student: sent=50 failed=0 pending=0 remaining=0 rate_limited=no batch_size=50 interval=180
[2026-05-18 12:25:03] Background sender daemon started for Student.
[2026-05-18 12:25:06] SMTP session opened.
[2026-05-18 12:25:08] Sent printed to atotersughcosmos@gmail.com (1/4).
[2026-05-18 12:25:11] Sent printed to yamzzytheozzy@gmail.com (2/4).
[2026-05-18 12:25:13] Sent printed to theresajingir99@gmail.com (3/4).
[2026-05-18 12:25:15] Sent printed to andypeace853@gmail.com (4/4).
[2026-05-18 12:25:16] SMTP session closed.
[2026-05-18 12:25:16] Batch summary: sent=4 failed=0 pending=46 remaining=46.
[2026-05-18 12:25:16] Cycle complete for student: sent=4 failed=0 pending=46 remaining=46 rate_limited=no batch_size=4 interval=120
[2026-05-18 12:27:31] SMTP session opened.
[2026-05-18 12:27:32] Sent printed to vangerwuathomas@gmail.com (1/4).
[2026-05-18 12:27:35] Sent printed to orhenavictor399@gmail.com (2/4).
[2026-05-18 12:27:37] Sent printed to clementvictorsunday@gmail.com (3/4).
[2026-05-18 12:27:40] Sent printed to wandooesther87@gmail.com (4/4).
[2026-05-18 12:27:40] SMTP session closed.
[2026-05-18 12:27:40] Batch summary: sent=4 failed=0 pending=42 remaining=42.
[2026-05-18 12:27:40] Cycle complete for student: sent=4 failed=0 pending=42 remaining=42 rate_limited=no batch_size=4 interval=120
[2026-05-18 12:29:58] SMTP session opened.
[2026-05-18 12:30:00] Sent printed to agathawuna@gmil.com (1/4).
[2026-05-18 12:30:02] Sent printed to iorpareghjames8@gmail.com (2/4).
[2026-05-18 12:30:04] Sent printed to anayosuccessidoko@gmail.com (3/4).
[2026-05-18 12:30:07] Sent printed to andrewagah7@gmail.com (4/4).
[2026-05-18 12:30:07] SMTP session closed.
[2026-05-18 12:30:08] Batch summary: sent=4 failed=0 pending=38 remaining=38.
[2026-05-18 12:30:08] Cycle complete for student: sent=4 failed=0 pending=38 remaining=38 rate_limited=no batch_size=4 interval=120
[2026-05-18 12:32:22] SMTP session opened.
[2026-05-18 12:32:24] Sent printed to terdooaondongu20@gmail.com (1/4).
[2026-05-18 12:32:26] Sent printed to nyigbaushahembadesmond821@gmail.com (2/4).
[2026-05-18 12:32:29] Sent printed to joshuaaudu022@gmail.com (3/4).
[2026-05-18 12:32:31] Sent printed to iorkengernyam@gmail.com (4/4).
[2026-05-18 12:32:32] SMTP session closed.
[2026-05-18 12:32:32] Batch summary: sent=4 failed=0 pending=34 remaining=34.
[2026-05-18 12:32:32] Cycle complete for student: sent=4 failed=0 pending=34 remaining=34 rate_limited=no batch_size=4 interval=120
[2026-05-18 12:34:45] SMTP session opened.
[2026-05-18 12:34:47] Sent printed to terkumburjenny@gmail.com (1/4).
[2026-05-18 12:34:49] Sent printed to doofanyanyohol@gmail.com (2/4).
[2026-05-18 12:34:52] Sent printed to josephumase3@gmail.com (3/4).
[2026-05-18 12:34:54] Sent printed to teghteghmichell@gmail.com (4/4).
[2026-05-18 12:34:55] SMTP session closed.
[2026-05-18 12:34:55] Batch summary: sent=4 failed=0 pending=30 remaining=30.
[2026-05-18 12:34:55] Cycle complete for student: sent=4 failed=0 pending=30 remaining=30 rate_limited=no batch_size=4 interval=120
[2026-05-18 12:37:08] SMTP session opened.
[2026-05-18 12:37:10] Sent printed to reginaiwuese@gemail.com (1/4).
[2026-05-18 12:37:12] Sent printed to madookisamuel44@gmail.com (2/4).
[2026-05-18 12:55:53] Failed printed to fchinaza72@gmail.com on attempt 1/3. SMTP error: 
PHP Warning:  fwrite(): SSL: An existing connection was forcibly closed by the remote host in C:\xampp\htdocs\jostumidcardrecords\src\functions.php on line 2104

Warning: fwrite(): SSL: An existing connection was forcibly closed by the remote host in C:\xampp\htdocs\jostumidcardrecords\src\functions.php on line 2104
PHP Warning:  fgets(): SSL: An existing connection was forcibly closed by the remote host in C:\xampp\htdocs\jostumidcardrecords\src\functions.php on line 2113

Warning: fgets(): SSL: An existing connection was forcibly closed by the remote host in C:\xampp\htdocs\jostumidcardrecords\src\functions.php on line 2113
[2026-05-18 12:55:53] Failed printed to asemakaha28@gmail.com on attempt 1/3. SMTP error: 
PHP Warning:  fwrite(): SSL operation failed with code 1. OpenSSL Error messages:
error:0A00010F:SSL routines::bad length in C:\xampp\htdocs\jostumidcardrecords\src\functions.php on line 2104

Warning: fwrite(): SSL operation failed with code 1. OpenSSL Error messages:
error:0A00010F:SSL routines::bad length in C:\xampp\htdocs\jostumidcardrecords\src\functions.php on line 2104
[2026-05-18 12:55:53] SMTP session closed.
[2026-05-18 12:55:54] Batch summary: sent=2 failed=2 pending=28 remaining=28.
[2026-05-18 12:55:54] Cycle complete for student: sent=2 failed=2 pending=28 remaining=28 rate_limited=no batch_size=4 interval=120
[2026-05-18 12:58:08] SMTP session opened.
[2026-05-18 12:58:11] Sent printed to teveriwuesecaroline@gmail.com (1/4).
[2026-05-18 12:58:13] Sent printed to cypriansuurshater99@gmail.com (2/4).
[2026-05-18 12:58:15] Sent printed to ajohdaniel34@gmail.com (3/4).
[2026-05-18 12:58:18] Sent printed to emmanuellanorgba@gmail.com (4/4).
[2026-05-18 12:58:19] SMTP session closed.
[2026-05-18 12:58:19] Batch summary: sent=4 failed=0 pending=24 remaining=24.
[2026-05-18 12:58:19] Cycle complete for student: sent=4 failed=0 pending=24 remaining=24 rate_limited=no batch_size=4 interval=120
[2026-05-18 13:00:40] SMTP session opened.
[2026-05-18 13:00:43] Sent printed to songuvershima001@gmail.com (1/4).
[2026-05-18 13:00:45] Sent printed to ngunanterna7@gmail.com (2/4).
[2026-05-18 13:00:48] Sent printed to orbumeemmanuel@gmail.com (3/4).
[2026-05-18 13:00:51] Sent printed to kelvintsekaa8@gmail.com (4/4).
[2026-05-18 13:00:52] SMTP session closed.
[2026-05-18 13:00:52] Batch summary: sent=4 failed=0 pending=20 remaining=20.
[2026-05-18 13:00:52] Cycle complete for student: sent=4 failed=0 pending=20 remaining=20 rate_limited=no batch_size=4 interval=120
[2026-05-18 13:03:13] SMTP session opened.
[2026-05-18 13:03:16] Sent printed to iorliammgusuun@gmail.com (1/4).
[2026-05-18 13:03:18] Sent printed to mosesiorfat@gmail.com (2/4).
[2026-05-18 13:03:21] Sent printed to iorhemenelizabeth548@gmail.com (3/4).
[2026-05-18 13:03:27] Sent printed to ewohdavidoche@gmail.com (4/4).
[2026-05-18 13:03:28] SMTP session closed.
[2026-05-18 13:03:28] Batch summary: sent=4 failed=0 pending=16 remaining=16.
[2026-05-18 13:03:28] Cycle complete for student: sent=4 failed=0 pending=16 remaining=16 rate_limited=no batch_size=4 interval=120
[2026-05-18 13:05:48] SMTP session opened.
[2026-05-18 13:05:51] Sent printed to miracleogah429@gmail.com (1/4).
[2026-05-18 13:05:53] Sent printed to tindiphilex1999@gmail.com (2/4).
[2026-05-18 13:05:56] Sent printed to apaaraphael@gmail.com (3/4).
[2026-05-18 13:05:59] Sent printed to worgubecca@gmail.com (4/4).
[2026-05-18 13:05:59] SMTP session closed.
[2026-05-18 13:06:00] Batch summary: sent=4 failed=0 pending=12 remaining=12.
[2026-05-18 13:06:00] Cycle complete for student: sent=4 failed=0 pending=12 remaining=12 rate_limited=no batch_size=4 interval=120
[2026-05-18 13:08:21] SMTP session opened.
[2026-05-18 13:08:23] Sent printed to ngusuuruth@gmail.com (1/4).
[2026-05-18 13:08:26] Sent printed to tortosavioursughnen@gmail.com (2/4).
[2026-05-18 13:08:29] Sent printed to abdulshaheed810@gmail.com (3/4).
[2026-05-18 13:08:31] Sent printed to sucessterpase@gmail.com (4/4).
[2026-05-18 13:08:32] SMTP session closed.
[2026-05-18 13:08:32] Batch summary: sent=4 failed=0 pending=8 remaining=8.
[2026-05-18 13:08:32] Cycle complete for student: sent=4 failed=0 pending=8 remaining=8 rate_limited=no batch_size=4 interval=120
[2026-05-18 13:10:52] SMTP session opened.
[2026-05-18 13:10:55] Sent printed to iordyesolomonterwase@gmail.com (1/4).
[2026-05-18 13:10:57] Sent printed to aondonengestephen1@gmail.com (2/4).
[2026-05-18 13:11:01] Sent printed to nandeasakas@gmail.com (3/4).
[2026-05-18 13:11:04] Sent printed to ugwusylvester977@gmail.com (4/4).
[2026-05-18 13:11:05] SMTP session closed.
[2026-05-18 13:11:05] Batch summary: sent=4 failed=0 pending=4 remaining=4.
[2026-05-18 13:11:05] Cycle complete for student: sent=4 failed=0 pending=4 remaining=4 rate_limited=no batch_size=4 interval=120
[2026-05-18 13:13:25] SMTP session opened.
[2026-05-18 13:13:27] Sent printed to gomb37909@gmail.com (1/4).
[2026-05-18 13:13:30] Sent printed to adabamartins@gmail.com (2/4).
[2026-05-18 13:13:31] SMTP session closed.
[2026-05-18 13:13:31] Batch summary: sent=2 failed=0 pending=2 remaining=2.
[2026-05-18 13:13:31] Cycle complete for student: sent=2 failed=0 pending=2 remaining=2 rate_limited=no batch_size=4 interval=120
